c:\users\phamt\desktop\bai-tap-c--o-truong\x64\debug\vc143.pdb
c:\users\phamt\desktop\bai-tap-c--o-truong\x64\debug\vc143.idb
c:\users\phamt\desktop\bai-tap-c--o-truong\x64\debug\bai-tap-5.obj
c:\users\phamt\desktop\bai-tap-c--o-truong\x64\debug\bai-tap-4.obj
c:\users\phamt\desktop\bai-tap-c--o-truong\x64\debug\bai-tap-3.obj
c:\users\phamt\desktop\bai-tap-c--o-truong\x64\debug\bai-tap-2.obj
c:\users\phamt\desktop\bai-tap-c--o-truong\x64\debug\bai-tap-10.obj
c:\users\phamt\desktop\bai-tap-c--o-truong\x64\debug\bai-tap-1.obj
c:\users\phamt\desktop\bai-tap-c--o-truong\x64\debug\bai-tap-9.obj
c:\users\phamt\desktop\bai-tap-c--o-truong\x64\debug\bai-tap-8.obj
c:\users\phamt\desktop\bai-tap-c--o-truong\x64\debug\bai-tap-7.obj
c:\users\phamt\desktop\bai-tap-c--o-truong\x64\debug\bai-tap-6.obj
c:\users\phamt\desktop\bai-tap-c--o-truong\x64\debug\bai-tap-14.obj
c:\users\phamt\desktop\bai-tap-c--o-truong\x64\debug\bai-tap-13.obj
c:\users\phamt\desktop\bai-tap-c--o-truong\x64\debug\bai-tap-12.obj
c:\users\phamt\desktop\bai-tap-c--o-truong\x64\debug\bai-tap-11.obj
c:\users\phamt\desktop\bai-tap-c--o-truong\x64\debug\tempcoderunnerfile.obj
c:\users\phamt\desktop\bai-tap-c--o-truong\x64\debug\include.obj
c:\users\phamt\desktop\bai-tap-c--o-truong\x64\debug\bai-tap-c--o-truong.pdb
c:\users\phamt\desktop\bai-tap-c--o-truong\x64\debug\bai-tap-.e694d286.tlog\cl.command.1.tlog
c:\users\phamt\desktop\bai-tap-c--o-truong\x64\debug\bai-tap-.e694d286.tlog\cl.read.1.tlog
c:\users\phamt\desktop\bai-tap-c--o-truong\x64\debug\bai-tap-.e694d286.tlog\cl.write.1.tlog
c:\users\phamt\desktop\bai-tap-c--o-truong\x64\debug\bai-tap-.e694d286.tlog\link-cvtres.read.1.tlog
c:\users\phamt\desktop\bai-tap-c--o-truong\x64\debug\bai-tap-.e694d286.tlog\link-cvtres.write.1.tlog
c:\users\phamt\desktop\bai-tap-c--o-truong\x64\debug\bai-tap-.e694d286.tlog\link-rc.read.1.tlog
c:\users\phamt\desktop\bai-tap-c--o-truong\x64\debug\bai-tap-.e694d286.tlog\link-rc.write.1.tlog
c:\users\phamt\desktop\bai-tap-c--o-truong\x64\debug\bai-tap-.e694d286.tlog\link.command.1.tlog
c:\users\phamt\desktop\bai-tap-c--o-truong\x64\debug\bai-tap-.e694d286.tlog\link.read.1.tlog
c:\users\phamt\desktop\bai-tap-c--o-truong\x64\debug\bai-tap-.e694d286.tlog\link.read.2.tlog
c:\users\phamt\desktop\bai-tap-c--o-truong\x64\debug\bai-tap-.e694d286.tlog\link.write.1.tlog
